[00:00:05] INFO codeplain: -------------------------------------
           Module: lunch_picker
           Rendering functionality 1:
           - Implement `initialize_db(db_path)` in `db.py` to set up the SQLite database.
             - Open a connection to the file at `db_path`.
             - Create the restaurants table if it does not exist.
             - The table stores workspace_id, name, and address for each :Restaurant:.
             - Return the open database connection.
           -------------------------------------
[00:00:05] INFO codeplain: 
[00:00:15] INFO codeplain: Running unit tests script /Users/kajaskerlj/Dev/codeplain-dev/lunch-picker/test_scripts/run_unittests_python.sh. (attempt: 1)
[00:00:17] INFO codeplain: 
[00:00:41] INFO codeplain: Running unit tests script /Users/kajaskerlj/Dev/codeplain-dev/lunch-picker/test_scripts/run_unittests_python.sh. (attempt: 2)
[00:00:43] INFO codeplain: 
[00:01:23] INFO codeplain: Running unit tests script /Users/kajaskerlj/Dev/codeplain-dev/lunch-picker/test_scripts/run_unittests_python.sh. (attempt: 3)
[00:01:24] INFO codeplain: [#79FC96]All Unit Tests scripts have passed successfully.[/#79FC96]
[00:01:24] INFO codeplain: Refactoring the generated code...
[00:01:26] INFO codeplain: -------------------------------------
           Module: lunch_picker
           Rendering functionality 2:
           - Implement `add_restaurant(conn, workspace_id, name, address)` in `db.py`.
             - Insert a new :Restaurant: row for the given workspace.
             - Raise an error if a :Restaurant: with the same name already exists in that workspace.
           -------------------------------------
[00:01:26] INFO codeplain: 
[00:01:48] INFO codeplain: Running unit tests script /Users/kajaskerlj/Dev/codeplain-dev/lunch-picker/test_scripts/run_unittests_python.sh. (attempt: 1)
[00:01:49] INFO codeplain: [#79FC96]All Unit Tests scripts have passed successfully.[/#79FC96]
[00:01:49] INFO codeplain: Refactoring the generated code...
[00:01:51] INFO codeplain: -------------------------------------
           Module: lunch_picker
           Rendering functionality 3:
           - Implement `remove_restaurant(conn, workspace_id, name)` in `db.py`.
             - Delete the :Restaurant: row matching the given workspace and name.
             - Return True if a row was deleted, False if no matching row was found.
           -------------------------------------
[00:01:51] INFO codeplain: 
[00:02:12] INFO codeplain: Running unit tests script /Users/kajaskerlj/Dev/codeplain-dev/lunch-picker/test_scripts/run_unittests_python.sh. (attempt: 1)
[00:02:14] INFO codeplain: [#79FC96]All Unit Tests scripts have passed successfully.[/#79FC96]
[00:02:14] INFO codeplain: Refactoring the generated code...
[00:02:15] INFO codeplain: -------------------------------------
           Module: lunch_picker
           Rendering functionality 4:
           - Implement `list_restaurants(conn, workspace_id)` in `db.py`.
             - Return all :Restaurant: entries for the given workspace as a list of (name, address) pairs.
             - Return an empty list if :RestaurantList: is empty.
           -------------------------------------
[00:02:15] INFO codeplain: 
[00:02:31] INFO codeplain: Running unit tests script /Users/kajaskerlj/Dev/codeplain-dev/lunch-picker/test_scripts/run_unittests_python.sh. (attempt: 1)
[00:02:32] INFO codeplain: [#79FC96]All Unit Tests scripts have passed successfully.[/#79FC96]
[00:02:32] INFO codeplain: Refactoring the generated code...
[00:02:33] INFO codeplain: -------------------------------------
           Module: lunch_picker
           Rendering functionality 5:
           - Implement `pick_restaurant(conn, workspace_id)` in `db.py`.
             - Return a randomly selected (name, address) pair from the given workspace's :RestaurantList:.
             - Return null if :RestaurantList: is empty.
           -------------------------------------
[00:02:33] INFO codeplain: 
[00:02:49] INFO codeplain: Running unit tests script /Users/kajaskerlj/Dev/codeplain-dev/lunch-picker/test_scripts/run_unittests_python.sh. (attempt: 1)
[00:02:50] INFO codeplain: [#79FC96]All Unit Tests scripts have passed successfully.[/#79FC96]
[00:02:50] INFO codeplain: Refactoring the generated code...
[00:02:52] INFO codeplain: -------------------------------------
           Module: lunch_picker
           Rendering functionality 6:
           - Implement the entry point for the Slack bot.
             - The bot listens for incoming slash command requests on a configurable HTTP port.
             - It registers a handler for the `/lunch` slash command and routes sub-commands.
             - On startup, the bot reads its Slack signing secret, bot token, and port from environment variables.
           -------------------------------------
[00:02:52] INFO codeplain: 
[00:03:12] INFO codeplain: Running unit tests script /Users/kajaskerlj/Dev/codeplain-dev/lunch-picker/test_scripts/run_unittests_python.sh. (attempt: 1)
[00:03:14] INFO codeplain: 
[00:03:33] INFO codeplain: Running unit tests script /Users/kajaskerlj/Dev/codeplain-dev/lunch-picker/test_scripts/run_unittests_python.sh. (attempt: 2)
[00:03:35] INFO codeplain: 
[00:04:09] INFO codeplain: Running unit tests script /Users/kajaskerlj/Dev/codeplain-dev/lunch-picker/test_scripts/run_unittests_python.sh. (attempt: 3)
[00:04:11] INFO codeplain: 
[00:04:29] INFO codeplain: Running unit tests script /Users/kajaskerlj/Dev/codeplain-dev/lunch-picker/test_scripts/run_unittests_python.sh. (attempt: 4)
[00:04:30] INFO codeplain: 
[00:04:57] INFO codeplain: Running unit tests script /Users/kajaskerlj/Dev/codeplain-dev/lunch-picker/test_scripts/run_unittests_python.sh. (attempt: 5)
[00:04:59] INFO codeplain: 
[00:05:32] INFO codeplain: Running unit tests script /Users/kajaskerlj/Dev/codeplain-dev/lunch-picker/test_scripts/run_unittests_python.sh. (attempt: 6)
[00:05:33] INFO codeplain: 
[00:05:56] INFO codeplain: Running unit tests script /Users/kajaskerlj/Dev/codeplain-dev/lunch-picker/test_scripts/run_unittests_python.sh. (attempt: 7)
[00:05:58] INFO codeplain: 
[00:06:18] INFO codeplain: Running unit tests script /Users/kajaskerlj/Dev/codeplain-dev/lunch-picker/test_scripts/run_unittests_python.sh. (attempt: 8)
[00:06:19] INFO codeplain: 
[00:06:42] INFO codeplain: Running unit tests script /Users/kajaskerlj/Dev/codeplain-dev/lunch-picker/test_scripts/run_unittests_python.sh. (attempt: 9)
[00:06:44] INFO codeplain: 
[00:07:05] INFO codeplain: Running unit tests script /Users/kajaskerlj/Dev/codeplain-dev/lunch-picker/test_scripts/run_unittests_python.sh. (attempt: 10)
[00:07:06] INFO codeplain: 
[00:07:49] INFO codeplain: Running unit tests script /Users/kajaskerlj/Dev/codeplain-dev/lunch-picker/test_scripts/run_unittests_python.sh. (attempt: 11)
[00:07:51] INFO codeplain: 
[00:08:10] INFO codeplain: Running unit tests script /Users/kajaskerlj/Dev/codeplain-dev/lunch-picker/test_scripts/run_unittests_python.sh. (attempt: 12)
[00:08:12] INFO codeplain: 
[00:08:28] INFO codeplain: Running unit tests script /Users/kajaskerlj/Dev/codeplain-dev/lunch-picker/test_scripts/run_unittests_python.sh. (attempt: 13)
[00:08:29] INFO codeplain: 
[00:08:45] INFO codeplain: Running unit tests script /Users/kajaskerlj/Dev/codeplain-dev/lunch-picker/test_scripts/run_unittests_python.sh. (attempt: 14)
[00:08:46] INFO codeplain: 
[00:09:02] INFO codeplain: Running unit tests script /Users/kajaskerlj/Dev/codeplain-dev/lunch-picker/test_scripts/run_unittests_python.sh. (attempt: 15)
[00:09:03] INFO codeplain: 
[00:09:22] INFO codeplain: Running unit tests script /Users/kajaskerlj/Dev/codeplain-dev/lunch-picker/test_scripts/run_unittests_python.sh. (attempt: 16)
[00:09:24] INFO codeplain: 
[00:09:47] INFO codeplain: Running unit tests script /Users/kajaskerlj/Dev/codeplain-dev/lunch-picker/test_scripts/run_unittests_python.sh. (attempt: 17)
[00:09:48] INFO codeplain: 
[00:10:06] INFO codeplain: Running unit tests script /Users/kajaskerlj/Dev/codeplain-dev/lunch-picker/test_scripts/run_unittests_python.sh. (attempt: 18)
[00:10:08] INFO codeplain: 
[00:10:25] INFO codeplain: Running unit tests script /Users/kajaskerlj/Dev/codeplain-dev/lunch-picker/test_scripts/run_unittests_python.sh. (attempt: 19)
[00:10:26] INFO codeplain: 
[00:11:19] INFO codeplain: Running unit tests script /Users/kajaskerlj/Dev/codeplain-dev/lunch-picker/test_scripts/run_unittests_python.sh. (attempt: 20)
[00:11:21] INFO codeplain: 
[00:11:41] INFO codeplain: Running unit tests script /Users/kajaskerlj/Dev/codeplain-dev/lunch-picker/test_scripts/run_unittests_python.sh. (attempt: 21)
[00:11:43] INFO codeplain: Unittests could not be fixed after rendering the functionality. Restarting rendering the functionality 6 from scratch.
[00:11:43] INFO codeplain: -------------------------------------
           Module: lunch_picker
           Rendering functionality 6, attempt number 2/2:
           - Implement the entry point for the Slack bot.
             - The bot listens for incoming slash command requests on a configurable HTTP port.
             - It registers a handler for the `/lunch` slash command and routes sub-commands.
             - On startup, the bot reads its Slack signing secret, bot token, and port from environment variables.
           -------------------------------------
[00:11:43] INFO codeplain: 
[00:11:59] INFO codeplain: Running unit tests script /Users/kajaskerlj/Dev/codeplain-dev/lunch-picker/test_scripts/run_unittests_python.sh. (attempt: 1)
[00:12:00] INFO codeplain: 
[00:12:47] INFO codeplain: Running unit tests script /Users/kajaskerlj/Dev/codeplain-dev/lunch-picker/test_scripts/run_unittests_python.sh. (attempt: 2)
[00:12:49] INFO codeplain: 
[00:13:25] INFO codeplain: Running unit tests script /Users/kajaskerlj/Dev/codeplain-dev/lunch-picker/test_scripts/run_unittests_python.sh. (attempt: 3)
[00:13:26] INFO codeplain: 
[00:13:50] INFO codeplain: Running unit tests script /Users/kajaskerlj/Dev/codeplain-dev/lunch-picker/test_scripts/run_unittests_python.sh. (attempt: 4)
[00:13:51] INFO codeplain: [#79FC96]All Unit Tests scripts have passed successfully.[/#79FC96]
[00:13:51] INFO codeplain: Refactoring the generated code...
[00:13:53] INFO codeplain: -------------------------------------
           Module: lunch_picker
           Rendering functionality 7:
           - A :SlackUser: should be able to add a :Restaurant: to :RestaurantList: using `/lunch add <name> <address>`.
             - Both `<name>` and `<address>` are required non-empty arguments.
             - If either argument is missing, the bot replies with: `Usage: /lunch add <name> <address>`.
             - A :Restaurant: name must be unique within the :SlackWorkspace:'s :RestaurantList:.
               - If a duplicate name is submitted, the bot replies that the restaurant already exists.
             - On success, the bot stores the new :Restaurant: and replies with a confirmation of the name and address.
           -------------------------------------
[00:13:53] INFO codeplain: 
[00:14:16] INFO codeplain: Running unit tests script /Users/kajaskerlj/Dev/codeplain-dev/lunch-picker/test_scripts/run_unittests_python.sh. (attempt: 1)
[00:14:18] INFO codeplain: [#79FC96]All Unit Tests scripts have passed successfully.[/#79FC96]
[00:14:18] INFO codeplain: Refactoring the generated code...
[00:14:19] INFO codeplain: -------------------------------------
           Module: lunch_picker
           Rendering functionality 8:
           - A :SlackUser: should be able to remove a :Restaurant: from :RestaurantList: using `/lunch remove <name>`.
             - `<name>` is a required non-empty argument.
             - If the argument is missing, the bot replies with: `Usage: /lunch remove <name>`.
             - If no :Restaurant: with the given name exists in the :SlackWorkspace:'s :RestaurantList:,
               - the bot replies that the restaurant was not found.
             - On success, the bot removes the :Restaurant: and replies with a confirmation.
           -------------------------------------
[00:14:19] INFO codeplain: 
[00:14:29] INFO codeplain: Running unit tests script /Users/kajaskerlj/Dev/codeplain-dev/lunch-picker/test_scripts/run_unittests_python.sh. (attempt: 1)
[00:14:30] INFO codeplain: [#79FC96]All Unit Tests scripts have passed successfully.[/#79FC96]
[00:14:30] INFO codeplain: Refactoring the generated code...
[00:14:32] INFO codeplain: -------------------------------------
           Module: lunch_picker
           Rendering functionality 9:
           - A :SlackUser: should be able to list all :Restaurant: entries using `/lunch list`.
             - The bot replies with each :Restaurant: name and address in the :SlackWorkspace:'s :RestaurantList:.
             - If :RestaurantList: is empty, the bot replies that no restaurants have been added yet.
           -------------------------------------
[00:14:32] INFO codeplain: 
[00:14:43] INFO codeplain: Running unit tests script /Users/kajaskerlj/Dev/codeplain-dev/lunch-picker/test_scripts/run_unittests_python.sh. (attempt: 1)
[00:14:44] INFO codeplain: [#79FC96]All Unit Tests scripts have passed successfully.[/#79FC96]
[00:14:45] INFO codeplain: Refactoring the generated code...
[00:14:46] INFO codeplain: -------------------------------------
           Module: lunch_picker
           Rendering functionality 10:
           - A :SlackUser: should be able to get a random :Restaurant: suggestion using `/lunch pick`.
             - The bot selects one :Restaurant: at random from the :SlackWorkspace:'s :RestaurantList:.
             - The bot replies with the selected :Restaurant:'s name and address.
             - If :RestaurantList: is empty, the bot replies that no restaurants have been added yet.
           -------------------------------------
[00:14:46] INFO codeplain: 
[00:15:14] INFO codeplain: Running unit tests script /Users/kajaskerlj/Dev/codeplain-dev/lunch-picker/test_scripts/run_unittests_python.sh. (attempt: 1)
[00:15:16] INFO codeplain: [#79FC96]All Unit Tests scripts have passed successfully.[/#79FC96]
[00:15:16] INFO codeplain: Refactoring the generated code...
[00:15:17] INFO codeplain: [#79FC96]Render of module lunch_picker completed successfully.[/#79FC96]
